[13700:372:0327/230239.183:WARNING:chrome_main_delegate.cc(740)] This is Chrome version 123.0.6312.86 (not a warning)
[13700:372:0327/230239.245:INFO:policy_logger.cc(145)] :components\enterprise\browser\controller\chrome_browser_cloud_management_controller.cc(168) Starting CBCM Controller Initialization
[13700:372:0327/230239.245:INFO:policy_logger.cc(145)] :components\enterprise\browser\controller\chrome_browser_cloud_management_controller.cc(196) No machine level policy manager exists.
[13700:372:0327/230245.101:INFO:CONSOLE(14)] "%c BLOB>  18 files. 953.05kb. Parsed in 68.00ms. Breakdown(kb): (243.07, 8.31, 95.42, 44.54, 9.35, 33.43, 16.24, 0.04, 36.01, 11.35, 160.61, 3.37, 41.98, 24.75, 127.54, 15.22, 9.07, 95.53) color:#222; background-color: #4acfa5; line-height: 24px; font-weight:bold;", source: https://www.bet365.com/ (14)
[13700:372:0327/230245.725:INFO:CONSOLE(1)] "Error", source:  (1)
[13700:372:0327/230245.750:INFO:CONSOLE(1)] "Error", source:  (1)
[13700:372:0327/230245.771:INFO:CONSOLE(1)] "Error", source:  (1)
[13700:372:0327/230245.920:INFO:CONSOLE(14)] "%c BLOB>  110 files. 2764.83kb. Parsed in 100.50ms. Breakdown(kb): (18.9, 1.12, 31.75, 0.2, 44.09, 4.7, 0.4, 0.28, 2.57, 21.06, 2.35, 33.94, 1.32, 9.72, 1.81, 69.89, 0.36, 19.88, 0.13, 29.91, 4.57, 0.34, 125.48, 0.66, 533.35, 51.65, 15.22, 32.5, 14.27, 12.41, 3.4, 0.15, 34.15, 13.8, 0.33, 24.46, 16.91, 2.05, 2.88, 5.29, 1.69, 45.62, 9.5, 8.56, 2.18, 1.18, 0.75, 0.29, 227.37, 0.12, 110.93, 18.97, 0.35, 2.23, 0.28, 0.64, 1.17, 0.96, 24.68, 0.35, 0.85, 109.85, 0.22, 112.16, 1.92, 0.56, 0.09, 43.59, 0.38, 48.34, 0.14, 18.88, 0.16, 6.79, 1.68, 57.46, 21.25, 34.87, 0.12, 27.26, 14.17, 5.55, 0.35, 0.2, 3.22, 245.5, 0.79, 187.44, 39.5, 32.28, 4.67, 2.83, 5.03, 6.23, 0.27, 1.8, 1.37, 6.48, 0.46, 12.86, 20.49, 4.04, 6.95, 1.3, 1.25, 0.11, 1.71, 57.62, 0.54, 33.15) color:#222; background-color: #4acfa5; line-height: 24px; font-weight:bold;", source: https://www.bet365.com/ (14)
[13700:372:0327/230245.932:INFO:CONSOLE(1)] "Error", source:  (1)
[13700:372:0327/230245.984:INFO:CONSOLE(14)] "%c BLOB>  30 files. 888.19kb. Parsed in 31.50ms. Breakdown(kb): (1.48, 1.54, 0.31, 0.42, 0.61, 0.4, 295.21, 0.16, 68.88, 17.3, 34.58, 1.46, 1.13, 0.98, 13.86, 1.84, 52.21, 9.87, 1.48, 0.32, 1.45, 14.89, 0.56, 17.37, 1.52, 1.91, 3.54, 0.37, 363.23, 0.49) color:#222; background-color: #4acfa5; line-height: 24px; font-weight:bold;", source: https://www.bet365.com/ (14)
[13700:372:0327/230245.989:INFO:CONSOLE(14)] "%c BLOB>  8 files. 35.81kb. Parsed in 1.90ms. Breakdown(kb): (1.68, 0.33, 0.56, 0.36, 0.91, 14.94, 0.12, 17.73) color:#222; background-color: #4acfa5; line-height: 24px; font-weight:bold;", source: https://www.bet365.com/ (14)
[13700:372:0327/230246.023:INFO:CONSOLE(1)] "Error", source:  (1)
[13700:372:0327/230246.062:INFO:CONSOLE(14)] "%c BLOB>  13 files. 650.64kb. Parsed in 20.70ms. Breakdown(kb): (0.43, 117.49, 296.31, 0.28, 208.07, 0.67, 13.64, 0.68, 4, 5.55, 10.47, 0.23, 8.4) color:#222; background-color: #4acfa5; line-height: 24px; font-weight:bold;", source: https://www.bet365.com/ (14)
[13700:372:0327/230246.073:INFO:CONSOLE(1)] "Error", source:  (1)
[13700:372:0327/230246.108:INFO:CONSOLE(1)] "Error", source:  (1)
[13700:372:0327/230246.156:INFO:CONSOLE(14)] "%c BLOB>  2 files. 281.73kb. Parsed in 3.60ms. Breakdown(kb): (1.66, 286.82) color:#222; background-color: #4acfa5; line-height: 24px; font-weight:bold;", source: https://www.bet365.com/ (14)
[13700:372:0327/230246.227:INFO:CONSOLE(1)] "Error", source:  (1)
[13700:372:0327/230246.247:INFO:CONSOLE(1)] "Error", source:  (1)
[13700:372:0327/230246.598:INFO:CONSOLE(1)] "Canvas2D: Multiple readback operations using getImageData are faster with the willReadFrequently attribute set to true. See: https://html.spec.whatwg.org/multipage/canvas.html#concept-canvas-will-read-frequently", source: https://www.bet365.com/members/services/host/Scripts/js/ProductCommon_v1.js?seed=AAAVyYKOAQAA1Uw4O9fR9-uk2vOBdIEwGLraQbLjfVvClR1zf1622CUzaWuV&PIRXTcSdwp--z=q (1)
[13700:372:0327/230246.622:INFO:CONSOLE(1)] "Canvas2D: Multiple readback operations using getImageData are faster with the willReadFrequently attribute set to true. See: https://html.spec.whatwg.org/multipage/canvas.html#concept-canvas-will-read-frequently", source: https://www.bet365.com/members/services/host/Scripts/js/ProductCommon_v1.js?seed=AAAVyYKOAQAA1Uw4O9fR9-uk2vOBdIEwGLraQbLjfVvClR1zf1622CUzaWuV&PIRXTcSdwp--z=q (1)
[13700:372:0327/230246.639:INFO:CONSOLE(14)] "%c BLOB>  3 files. 25.07kb. Parsed in 1.10ms. Breakdown(kb): (0.75, 24.07, 0.85) color:#222; background-color: #4acfa5; line-height: 24px; font-weight:bold;", source: https://www.bet365.com/ (14)
[13700:372:0327/230246.661:INFO:CONSOLE(1)] "Canvas2D: Multiple readback operations using getImageData are faster with the willReadFrequently attribute set to true. See: https://html.spec.whatwg.org/multipage/canvas.html#concept-canvas-will-read-frequently", source: https://www.bet365.com/members/services/host/Scripts/js/ProductCommon_v1.js?seed=AAAVyYKOAQAA1Uw4O9fR9-uk2vOBdIEwGLraQbLjfVvClR1zf1622CUzaWuV&PIRXTcSdwp--z=q (1)
[13700:372:0327/230247.094:INFO:CONSOLE(0)] "[DOM] Password field is not contained in a form: (More info: https://goo.gl/9p2vKq) %o", source: https://www.bet365.com/#/AVR/B146/R^1/ (0)
[13700:372:0327/230249.114:INFO:CONSOLE(1)] "Error", source:  (1)
[13700:372:0327/230249.686:INFO:CONSOLE(1)] "Error", source:  (1)
[13700:372:0327/230250.277:INFO:CONSOLE(14)] "%c BLOB>  18 files. 953.05kb. Parsed in 42.30ms. Breakdown(kb): (243.07, 8.31, 95.42, 44.54, 9.35, 33.43, 16.24, 0.04, 36.01, 11.35, 160.61, 3.37, 41.98, 24.75, 127.54, 15.22, 9.07, 95.53) color:#222; background-color: #4acfa5; line-height: 24px; font-weight:bold;", source: https://www.bet365.com/ (14)
[13700:372:0327/230250.489:INFO:CONSOLE(1)] "Error", source:  (1)
[13700:372:0327/230250.515:INFO:CONSOLE(1)] "Error", source:  (1)
[13700:372:0327/230250.537:INFO:CONSOLE(1)] "Error", source:  (1)
[13700:372:0327/230250.632:INFO:CONSOLE(14)] "%c BLOB>  110 files. 2764.83kb. Parsed in 53.30ms. Breakdown(kb): (18.9, 1.12, 31.75, 0.2, 44.09, 4.7, 0.4, 0.28, 2.57, 21.06, 2.35, 33.94, 1.32, 9.72, 1.81, 69.89, 0.36, 19.88, 0.13, 29.91, 4.57, 0.34, 125.48, 0.66, 533.35, 51.65, 15.22, 32.5, 14.27, 12.41, 3.4, 0.15, 34.15, 13.8, 0.33, 24.46, 16.91, 2.05, 2.88, 5.29, 1.69, 45.62, 9.5, 8.56, 2.18, 1.18, 0.75, 0.29, 227.37, 0.12, 110.93, 18.97, 0.35, 2.23, 0.28, 0.64, 1.17, 0.96, 24.68, 0.35, 0.85, 109.85, 0.22, 112.16, 1.92, 0.56, 0.09, 43.59, 0.38, 48.34, 0.14, 18.88, 0.16, 6.79, 1.68, 57.46, 21.25, 34.87, 0.12, 27.26, 14.17, 5.55, 0.35, 0.2, 3.22, 245.5, 0.79, 187.44, 39.5, 32.28, 4.67, 2.83, 5.03, 6.23, 0.27, 1.8, 1.37, 6.48, 0.46, 12.86, 20.49, 4.04, 6.95, 1.3, 1.25, 0.11, 1.71, 57.62, 0.54, 33.15) color:#222; background-color: #4acfa5; line-height: 24px; font-weight:bold;", source: https://www.bet365.com/ (14)
[13700:372:0327/230250.642:INFO:CONSOLE(14)] "%c BLOB>  12 files. 42.14kb. Parsed in 1.50ms. Breakdown(kb): (1.68, 1.48, 1.54, 1.52, 1.91, 0.33, 0.56, 0.36, 0.91, 14.94, 0.12, 17.73) color:#222; background-color: #4acfa5; line-height: 24px; font-weight:bold;", source: https://www.bet365.com/ (14)
[13700:372:0327/230250.787:INFO:CONSOLE(1)] "Error", source:  (1)
[13700:372:0327/230250.815:INFO:CONSOLE(14)] "%c BLOB>  2 files. 281.73kb. Parsed in 3.90ms. Breakdown(kb): (1.66, 286.82) color:#222; background-color: #4acfa5; line-height: 24px; font-weight:bold;", source: https://www.bet365.com/ (14)
[13700:372:0327/230251.151:INFO:CONSOLE(1)] "Error", source:  (1)
[13700:372:0327/230251.165:INFO:CONSOLE(1)] "Canvas2D: Multiple readback operations using getImageData are faster with the willReadFrequently attribute set to true. See: https://html.spec.whatwg.org/multipage/canvas.html#concept-canvas-will-read-frequently", source: https://www.bet365.com/members/services/host/Scripts/js/ProductCommon_v1.js?seed=AAAVyYKOAQAA1Uw4O9fR9-uk2vOBdIEwGLraQbLjfVvClR1zf1622CUzaWuV&PIRXTcSdwp--z=q (1)
[13700:372:0327/230251.174:INFO:CONSOLE(1)] "Canvas2D: Multiple readback operations using getImageData are faster with the willReadFrequently attribute set to true. See: https://html.spec.whatwg.org/multipage/canvas.html#concept-canvas-will-read-frequently", source: https://www.bet365.com/members/services/host/Scripts/js/ProductCommon_v1.js?seed=AAAVyYKOAQAA1Uw4O9fR9-uk2vOBdIEwGLraQbLjfVvClR1zf1622CUzaWuV&PIRXTcSdwp--z=q (1)
[13700:372:0327/230251.183:INFO:CONSOLE(1)] "Error", source:  (1)
[13700:372:0327/230251.234:INFO:CONSOLE(14)] "%c BLOB>  40 files. 1008.36kb. Parsed in 23.50ms. Breakdown(kb): (0.31, 0.42, 0.61, 0.4, 295.21, 0.16, 68.88, 17.3, 34.58, 1.46, 1.13, 0.98, 13.86, 1.84, 52.21, 9.87, 0.3, 60.84, 0.19, 11.61, 1.48, 0.32, 1.45, 14.89, 0.56, 17.37, 0.66, 0.18, 0.28, 1.81, 27.89, 0.81, 5.51, 3.54, 0.37, 363.23, 0.49, 0.12, 18.35, 0.93) color:#222; background-color: #4acfa5; line-height: 24px; font-weight:bold;", source: https://www.bet365.com/ (14)
[13700:372:0327/230251.265:INFO:CONSOLE(14)] "%c BLOB>  13 files. 650.64kb. Parsed in 11.80ms. Breakdown(kb): (0.43, 117.49, 296.31, 0.28, 208.07, 0.67, 13.64, 0.68, 4, 5.55, 10.47, 0.23, 8.4) color:#222; background-color: #4acfa5; line-height: 24px; font-weight:bold;", source: https://www.bet365.com/ (14)
[13700:372:0327/230251.273:INFO:CONSOLE(1)] "Error", source:  (1)
[13700:372:0327/230251.307:INFO:CONSOLE(1)] "Canvas2D: Multiple readback operations using getImageData are faster with the willReadFrequently attribute set to true. See: https://html.spec.whatwg.org/multipage/canvas.html#concept-canvas-will-read-frequently", source: https://www.bet365.com/members/services/host/Scripts/js/ProductCommon_v1.js?seed=AAAVyYKOAQAA1Uw4O9fR9-uk2vOBdIEwGLraQbLjfVvClR1zf1622CUzaWuV&PIRXTcSdwp--z=q (1)
[13700:372:0327/230251.488:INFO:CONSOLE(1)] "Error", source:  (1)
[13700:372:0327/230251.508:INFO:CONSOLE(1)] "Error", source:  (1)
[13700:372:0327/230251.839:INFO:CONSOLE(14)] "%c BLOB>  7 files. 33.58kb. Parsed in 1.00ms. Breakdown(kb): (0.75, 24.07, 0.85, 0.33, 6.09, 0.19, 2.09) color:#222; background-color: #4acfa5; line-height: 24px; font-weight:bold;", source: https://www.bet365.com/ (14)
[13700:372:0327/230304.227:INFO:CONSOLE(1)] "Error", source:  (1)
[13700:372:0327/230304.256:INFO:CONSOLE(1)] "Error", source:  (1)
[13700:372:0327/230304.403:INFO:CONSOLE(14)] "%c BLOB>  3 files. 7427.66kb. Parsed in 88.50ms. Breakdown(kb): (0.36, 3.17, 7602.39) color:#222; background-color: #4acfa5; line-height: 24px; font-weight:bold;", source: https://www.bet365.com/ (14)
[13700:372:0327/230306.175:WARNING:pref_notifier_impl.cc(41)] Pref observer for media_router.cast_allow_all_ips found at shutdown.
